<?xml version="1.0" encoding="UTF-8"?>
<!-- Generated by org.testng.reporters.JUnitXMLReporter -->
<testsuite hostname="DESKTOP-NNKP2EV" ignored="2" name="SmokeTest" tests="3" failures="0" timestamp="17 Jan 2020 21:38:11 GMT" time="77.284" errors="0">
  <testcase name="maxPriceSortTest" time="9.428" classname="com.wbl.SearchResultsPageTest"/>
  <testcase name="searchTest" time="8.362" classname="com.wbl.HomePageTest"/>
  <testcase name="searchTest" time="5.166" classname="com.wbl.HomePageTest"/>
  <testcase name="@BeforeSuite beforeSuite" time="0.0" classname="com.wbl.base.BaseTest">
    <ignored/>
  </testcase> <!-- @BeforeSuite beforeSuite -->
  <testcase name="@BeforeTest beforeTest" time="0.0" classname="com.wbl.base.BaseTest">
    <ignored/>
  </testcase> <!-- @BeforeTest beforeTest -->
</testsuite> <!-- SmokeTest -->
